-------------------------------------------------------------------------------
Test set: br.com.arquivopagamento.ArquivopagamentoApplicationTests
-------------------------------------------------------------------------------
Tests run: 1, Failures: 0, Errors: 1, Skipped: 0, Time elapsed: 1.703 s <<< FAILURE! - in br.com.arquivopagamento.ArquivopagamentoApplicationTests
contextLoads  Time elapsed: 0.001 s  <<< ERROR!
java.lang.IllegalStateException: Failed to load ApplicationContext
Caused by: java.lang.IllegalStateException: Failed to execute CommandLineRunner
Caused by: java.lang.StringIndexOutOfBoundsException
Caused by: java.lang.StringIndexOutOfBoundsException: begin 1, end 14, length 0

